-- The C compiler identification is GNU 11.4.0
-- The CXX compiler identification is GNU 11.4.0
-- Detecting C compiler ABI info
-- Detecting C compiler ABI info - done
-- Check for working C compiler: /usr/bin/cc - skipped
-- Detecting C compile features
-- Detecting C compile features - done
-- Detecting CXX compiler ABI info
-- Detecting CXX compiler ABI info - done
-- Check for working CXX compiler: /usr/bin/c++ - skipped
-- Detecting CXX compile features
-- Detecting CXX compile features - done
-- Found ament_cmake: 1.3.12 (/opt/ros/humble/share/ament_cmake/cmake)
-- Found Python3: /usr/bin/python3 (found version "3.10.12") found components: Interpreter 
-- Found rclcpp: 16.0.15 (/opt/ros/humble/share/rclcpp/cmake)
-- Found rosidl_generator_c: 3.1.7 (/opt/ros/humble/share/rosidl_generator_c/cmake)
-- Found rosidl_adapter: 3.1.7 (/opt/ros/humble/share/rosidl_adapter/cmake)
-- Found rosidl_generator_cpp: 3.1.7 (/opt/ros/humble/share/rosidl_generator_cpp/cmake)
-- Using all available rosidl_typesupport_c: rosidl_typesupport_fastrtps_c;rosidl_typesupport_introspection_c
-- Using all available rosidl_typesupport_cpp: rosidl_typesupport_fastrtps_cpp;rosidl_typesupport_introspection_cpp
-- Found rmw_implementation_cmake: 6.1.2 (/opt/ros/humble/share/rmw_implementation_cmake/cmake)
-- Found rmw_fastrtps_cpp: 6.2.8 (/opt/ros/humble/share/rmw_fastrtps_cpp/cmake)
-- Found OpenSSL: /usr/lib/x86_64-linux-gnu/libcrypto.so (found version "3.0.2")  
-- Found FastRTPS: /opt/ros/humble/include  
-- Using RMW implementation 'rmw_fastrtps_cpp' as default
-- Looking for pthread.h
-- Looking for pthread.h - found
-- Performing Test CMAKE_HAVE_LIBC_PTHREAD
-- Performing Test CMAKE_HAVE_LIBC_PTHREAD - Success
-- Found Threads: TRUE  
-- Found sensor_msgs: 4.9.0 (/opt/ros/humble/share/sensor_msgs/cmake)
-- Found cv_bridge: 3.2.1 (/opt/ros/humble/share/cv_bridge/cmake)
-- Found OpenCV: /usr/local (found version "4.5.5") 
-- Found gazebo_msgs: 3.9.0 (/opt/ros/humble/share/gazebo_msgs/cmake)
-- Found pose_msg: 0.0.0 (/home/jiangping/Vision_Arena_2025/install/pose_msg/share/pose_msg/cmake)
-- Found referee_pkg: 0.0.0 (/home/jiangping/Vision_Arena_2025/install/referee_pkg/share/referee_pkg/cmake)
-- Configuring done
-- Generating done
-- Build files have been written to: /home/jiangping/Vision_Arena_2025/build/player_pkg
[ 50%] [32mBuilding CXX object CMakeFiles/yolo_detector_node.dir/src/camera_detect.cpp.o[0m
In file included from [01m[K/home/jiangping/Vision_Arena_2025/src/player_pkg/src/camera_detect.cpp:13[m[K:
[01m[K/home/jiangping/Vision_Arena_2025/src/player_pkg/src/yolo_detect.hpp:[m[K In constructor â€˜[01m[KYOLODetector::YOLODetector()[m[Kâ€™:
[01m[K/home/jiangping/Vision_Arena_2025/src/player_pkg/src/yolo_detect.hpp:30:31:[m[K [01;35m[Kwarning: [m[Kempty parentheses were disambiguated as a function declaration [[01;35m[K]8;;https://gcc.gnu.org/onlinedocs/gcc/Warning-Options.html#index-Wvexing-parse-Wvexing-parse]8;;[m[K]
   30 |     std::string getLatestArmor[01;35m[K()[m[K const
      |                               [01;35m[K^~[m[K
[01m[K/home/jiangping/Vision_Arena_2025/src/player_pkg/src/yolo_detect.hpp:30:31:[m[K [01;36m[Knote: [m[Kremove parentheses to default-initialize a variable
   30 |     std::string getLatestArmor[01;36m[K()[m[K const
      |                               [01;36m[K^~[m[K
      |                               [31m[K--[m[K
[01m[K/home/jiangping/Vision_Arena_2025/src/player_pkg/src/yolo_detect.hpp:31:5:[m[K [01;31m[Kerror: [m[Ka function-definition is not allowed here before â€˜[01m[K{[m[Kâ€™ token
   31 |     [01;31m[K{[m[K
      |     [01;31m[K^[m[K
[01m[K/home/jiangping/Vision_Arena_2025/src/player_pkg/src/yolo_detect.hpp:[m[K In member function â€˜[01m[Kvoid YOLODetector::imageCallback(sensor_msgs::msg::Image_<std::allocator<void> >::SharedPtr)[m[Kâ€™:
[01m[K/home/jiangping/Vision_Arena_2025/src/player_pkg/src/yolo_detect.hpp:98:9:[m[K [01;31m[Kerror: [m[Kâ€˜[01m[Klatest_armor_[m[Kâ€™ was not declared in this scope; did you mean â€˜[01m[Klatest_armor[m[Kâ€™?
   98 |         [01;31m[Klatest_armor_[m[K = "armor" + std::to_string(id);
      |         [01;31m[K^~~~~~~~~~~~~[m[K
      |         [32m[Klatest_armor[m[K
[01m[K/home/jiangping/Vision_Arena_2025/src/player_pkg/src/yolo_detect.hpp:102:9:[m[K [01;31m[Kerror: [m[Kâ€˜[01m[Klatest_armor_[m[Kâ€™ was not declared in this scope; did you mean â€˜[01m[Klatest_armor[m[Kâ€™?
  102 |         [01;31m[Klatest_armor_[m[K = "none";
      |         [01;31m[K^~~~~~~~~~~~~[m[K
      |         [32m[Klatest_armor[m[K
[01m[K/home/jiangping/Vision_Arena_2025/src/player_pkg/src/yolo_detect.hpp:[m[K In member function â€˜[01m[Kstd::vector<Detection> YOLODetector::postprocess(float*, const std::vector<long int, std::allocator<long int> >&, const Size&)[m[Kâ€™:
[01m[K/home/jiangping/Vision_Arena_2025/src/player_pkg/src/yolo_detect.hpp:163:9:[m[K [01;35m[Kwarning: [m[Kunused variable â€˜[01m[Knum_classes[m[Kâ€™ [[01;35m[K]8;;https://gcc.gnu.org/onlinedocs/gcc/Warning-Options.html#index-Wunused-variable-Wunused-variable]8;;[m[K]
  163 |     int [01;35m[Knum_classes[m[K = num_data - 4;
      |         [01;35m[K^~~~~~~~~~~[m[K
[01m[K/home/jiangping/Vision_Arena_2025/src/player_pkg/src/camera_detect.cpp:[m[K In member function â€˜[01m[Kvoid LocateNode::callback_camera(sensor_msgs::msg::Image_<std::allocator<void> >::SharedPtr)[m[Kâ€™:
[01m[K/home/jiangping/Vision_Arena_2025/src/player_pkg/src/camera_detect.cpp:110:41:[m[K [01;31m[Kerror: [m[Kâ€˜[01m[Kdetector[m[Kâ€™ was not declared in this scope; did you mean â€˜[01m[KDetection[m[Kâ€™?
  110 |                     std::string armor = [01;31m[Kdetector[m[K->getLatestArmor();
      |                                         [01;31m[K^~~~~~~~[m[K
      |                                         [32m[KDetection[m[K
[01m[K/home/jiangping/Vision_Arena_2025/src/player_pkg/src/camera_detect.cpp:331:27:[m[K [01;35m[Kwarning: [m[Kcomparison of integer expressions of different signedness: â€˜[01m[Kint[m[Kâ€™ and â€˜[01m[Kstd::vector<std::__cxx11::basic_string<char> >::size_type[m[Kâ€™ {aka â€˜[01m[Klong unsigned int[m[Kâ€™} [[01;35m[K]8;;https://gcc.gnu.org/onlinedocs/gcc/Warning-Options.html#index-Wsign-compare-Wsign-compare]8;;[m[K]
  331 |         for (int i = 0; [01;35m[Ki < armor_types.size()[m[K; i++)
      |                         [01;35m[K~~^~~~~~~~~~~~~~~~~~~~[m[K
[01m[K/home/jiangping/Vision_Arena_2025/src/player_pkg/src/camera_detect.cpp:340:27:[m[K [01;35m[Kwarning: [m[Kcomparison of integer expressions of different signedness: â€˜[01m[Kint[m[Kâ€™ and â€˜[01m[Kstd::vector<std::vector<cv::Point_<float> > >::size_type[m[Kâ€™ {aka â€˜[01m[Klong unsigned int[m[Kâ€™} [[01;35m[K]8;;https://gcc.gnu.org/onlinedocs/gcc/Warning-Options.html#index-Wsign-compare-Wsign-compare]8;;[m[K]
  340 |         for (int i = 0; [01;35m[Ki < rectangle_corners_list.size()[m[K; i++)
      |                         [01;35m[K~~^~~~~~~~~~~~~~~~~~~~~~~~~~~~~~~[m[K
[01m[K/home/jiangping/Vision_Arena_2025/src/player_pkg/src/camera_detect.cpp:358:27:[m[K [01;35m[Kwarning: [m[Kcomparison of integer expressions of different signedness: â€˜[01m[Kint[m[Kâ€™ and â€˜[01m[Kstd::vector<std::vector<cv::Point_<float> > >::size_type[m[Kâ€™ {aka â€˜[01m[Klong unsigned int[m[Kâ€™} [[01;35m[K]8;;https://gcc.gnu.org/onlinedocs/gcc/Warning-Options.html#index-Wsign-compare-Wsign-compare]8;;[m[K]
  358 |         for (int i = 0; [01;35m[Ki < sphere_corners_list.size()[m[K; i++)
      |                         [01;35m[K~~^~~~~~~~~~~~~~~~~~~~~~~~~~~~[m[K
[01m[K/home/jiangping/Vision_Arena_2025/src/player_pkg/src/camera_detect.cpp:375:27:[m[K [01;35m[Kwarning: [m[Kcomparison of integer expressions of different signedness: â€˜[01m[Kint[m[Kâ€™ and â€˜[01m[Kstd::vector<std::vector<cv::Point_<float> > >::size_type[m[Kâ€™ {aka â€˜[01m[Klong unsigned int[m[Kâ€™} [[01;35m[K]8;;https://gcc.gnu.org/onlinedocs/gcc/Warning-Options.html#index-Wsign-compare-Wsign-compare]8;;[m[K]
  375 |         for (int i = 0; [01;35m[Ki < midpoint_corners_list.size()[m[K; i++)
      |                         [01;35m[K~~^~~~~~~~~~~~~~~~~~~~~~~~~~~~~~[m[K
[01m[K/home/jiangping/Vision_Arena_2025/src/player_pkg/src/camera_detect.cpp:192:13:[m[K [01;35m[Kwarning: [m[Kunused variable â€˜[01m[Kvalid_spheres[m[Kâ€™ [[01;35m[K]8;;https://gcc.gnu.org/onlinedocs/gcc/Warning-Options.html#index-Wunused-variable-Wunused-variable]8;;[m[K]
  192 |         int [01;35m[Kvalid_spheres[m[K = 0;
      |             [01;35m[K^~~~~~~~~~~~~[m[K
gmake[2]: *** [CMakeFiles/yolo_detector_node.dir/build.make:76: CMakeFiles/yolo_detector_node.dir/src/camera_detect.cpp.o] Error 1
gmake[1]: *** [CMakeFiles/Makefile2:137: CMakeFiles/yolo_detector_node.dir/all] Error 2
gmake: *** [Makefile:146: all] Error 2
