[0.012s] Invoking command in '/home/jiangping/Vision_Arena_2025/build/player_pkg': CMAKE_PREFIX_PATH=${CMAKE_PREFIX_PATH}:/opt/ros/humble /usr/bin/cmake /home/jiangping/Vision_Arena_2025/src/player_pkg -DCMAKE_INSTALL_PREFIX=/home/jiangping/Vision_Arena_2025/install/player_pkg
[0.061s] -- The C compiler identification is GNU 11.4.0
[0.108s] -- The CXX compiler identification is GNU 11.4.0
[0.114s] -- Detecting C compiler ABI info
[0.181s] -- Detecting C compiler ABI info - done
[0.185s] -- Check for working C compiler: /usr/bin/cc - skipped
[0.185s] -- Detecting C compile features
[0.185s] -- Detecting C compile features - done
[0.188s] -- Detecting CXX compiler ABI info
[0.262s] -- Detecting CXX compiler ABI info - done
[0.267s] -- Check for working CXX compiler: /usr/bin/c++ - skipped
[0.267s] -- Detecting CXX compile features
[0.267s] -- Detecting CXX compile features - done
[0.269s] -- Found ament_cmake: 1.3.12 (/opt/ros/humble/share/ament_cmake/cmake)
[0.375s] -- Found Python3: /usr/bin/python3 (found version "3.10.12") found components: Interpreter 
[0.444s] -- Found rclcpp: 16.0.15 (/opt/ros/humble/share/rclcpp/cmake)
[0.476s] -- Found rosidl_generator_c: 3.1.7 (/opt/ros/humble/share/rosidl_generator_c/cmake)
[0.480s] -- Found rosidl_adapter: 3.1.7 (/opt/ros/humble/share/rosidl_adapter/cmake)
[0.487s] -- Found rosidl_generator_cpp: 3.1.7 (/opt/ros/humble/share/rosidl_generator_cpp/cmake)
[0.495s] -- Using all available rosidl_typesupport_c: rosidl_typesupport_fastrtps_c;rosidl_typesupport_introspection_c
[0.506s] -- Using all available rosidl_typesupport_cpp: rosidl_typesupport_fastrtps_cpp;rosidl_typesupport_introspection_cpp
[0.539s] -- Found rmw_implementation_cmake: 6.1.2 (/opt/ros/humble/share/rmw_implementation_cmake/cmake)
[0.541s] -- Found rmw_fastrtps_cpp: 6.2.8 (/opt/ros/humble/share/rmw_fastrtps_cpp/cmake)
[0.629s] -- Found OpenSSL: /usr/lib/x86_64-linux-gnu/libcrypto.so (found version "3.0.2")  
[0.651s] -- Found FastRTPS: /opt/ros/humble/include  
[0.684s] -- Using RMW implementation 'rmw_fastrtps_cpp' as default
[0.691s] -- Looking for pthread.h
[0.760s] -- Looking for pthread.h - found
[0.761s] -- Performing Test CMAKE_HAVE_LIBC_PTHREAD
[0.831s] -- Performing Test CMAKE_HAVE_LIBC_PTHREAD - Success
[0.831s] -- Found Threads: TRUE  
[0.865s] -- Found sensor_msgs: 4.9.0 (/opt/ros/humble/share/sensor_msgs/cmake)
[0.885s] -- Found cv_bridge: 3.2.1 (/opt/ros/humble/share/cv_bridge/cmake)
[0.891s] -- Found OpenCV: /usr/local (found version "4.5.5") 
[0.892s] -- Found gazebo_msgs: 3.9.0 (/opt/ros/humble/share/gazebo_msgs/cmake)
[0.917s] -- Found pose_msg: 0.0.0 (/home/jiangping/Vision_Arena_2025/install/pose_msg/share/pose_msg/cmake)
[0.925s] -- Found referee_pkg: 0.0.0 (/home/jiangping/Vision_Arena_2025/install/referee_pkg/share/referee_pkg/cmake)
[0.991s] -- Configuring done
[1.008s] -- Generating done
[1.011s] -- Build files have been written to: /home/jiangping/Vision_Arena_2025/build/player_pkg
[1.023s] Invoked command in '/home/jiangping/Vision_Arena_2025/build/player_pkg' returned '0': CMAKE_PREFIX_PATH=${CMAKE_PREFIX_PATH}:/opt/ros/humble /usr/bin/cmake /home/jiangping/Vision_Arena_2025/src/player_pkg -DCMAKE_INSTALL_PREFIX=/home/jiangping/Vision_Arena_2025/install/player_pkg
[1.023s] Invoking command in '/home/jiangping/Vision_Arena_2025/build/player_pkg': CMAKE_PREFIX_PATH=${CMAKE_PREFIX_PATH}:/opt/ros/humble /usr/bin/cmake --build /home/jiangping/Vision_Arena_2025/build/player_pkg -- -j8 -l8
[1.076s] [ 50%] [32mBuilding CXX object CMakeFiles/yolo_detector_node.dir/src/camera_detect.cpp.o[0m
[3.855s] In file included from [01m[K/home/jiangping/Vision_Arena_2025/src/player_pkg/src/camera_detect.cpp:13[m[K:
[3.855s] [01m[K/home/jiangping/Vision_Arena_2025/src/player_pkg/src/yolo_detect.hpp:[m[K In constructor â€˜[01m[KYOLODetector::YOLODetector()[m[Kâ€™:
[3.856s] [01m[K/home/jiangping/Vision_Arena_2025/src/player_pkg/src/yolo_detect.hpp:30:31:[m[K [01;35m[Kwarning: [m[Kempty parentheses were disambiguated as a function declaration [[01;35m[K]8;;https://gcc.gnu.org/onlinedocs/gcc/Warning-Options.html#index-Wvexing-parse-Wvexing-parse]8;;[m[K]
[3.856s]    30 |     std::string getLatestArmor[01;35m[K()[m[K const
[3.856s]       |                               [01;35m[K^~[m[K
[3.857s] [01m[K/home/jiangping/Vision_Arena_2025/src/player_pkg/src/yolo_detect.hpp:30:31:[m[K [01;36m[Knote: [m[Kremove parentheses to default-initialize a variable
[3.857s]    30 |     std::string getLatestArmor[01;36m[K()[m[K const
[3.857s]       |                               [01;36m[K^~[m[K
[3.857s]       |                               [31m[K--[m[K
[3.857s] [01m[K/home/jiangping/Vision_Arena_2025/src/player_pkg/src/yolo_detect.hpp:31:5:[m[K [01;31m[Kerror: [m[Ka function-definition is not allowed here before â€˜[01m[K{[m[Kâ€™ token
[3.857s]    31 |     [01;31m[K{[m[K
[3.857s]       |     [01;31m[K^[m[K
[3.874s] [01m[K/home/jiangping/Vision_Arena_2025/src/player_pkg/src/yolo_detect.hpp:[m[K In member function â€˜[01m[Kvoid YOLODetector::imageCallback(sensor_msgs::msg::Image_<std::allocator<void> >::SharedPtr)[m[Kâ€™:
[3.874s] [01m[K/home/jiangping/Vision_Arena_2025/src/player_pkg/src/yolo_detect.hpp:98:9:[m[K [01;31m[Kerror: [m[Kâ€˜[01m[Klatest_armor_[m[Kâ€™ was not declared in this scope; did you mean â€˜[01m[Klatest_armor[m[Kâ€™?
[3.874s]    98 |         [01;31m[Klatest_armor_[m[K = "armor" + std::to_string(id);
[3.874s]       |         [01;31m[K^~~~~~~~~~~~~[m[K
[3.874s]       |         [32m[Klatest_armor[m[K
[3.878s] [01m[K/home/jiangping/Vision_Arena_2025/src/player_pkg/src/yolo_detect.hpp:102:9:[m[K [01;31m[Kerror: [m[Kâ€˜[01m[Klatest_armor_[m[Kâ€™ was not declared in this scope; did you mean â€˜[01m[Klatest_armor[m[Kâ€™?
[3.878s]   102 |         [01;31m[Klatest_armor_[m[K = "none";
[3.878s]       |         [01;31m[K^~~~~~~~~~~~~[m[K
[3.878s]       |         [32m[Klatest_armor[m[K
[3.884s] [01m[K/home/jiangping/Vision_Arena_2025/src/player_pkg/src/yolo_detect.hpp:[m[K In member function â€˜[01m[Kstd::vector<Detection> YOLODetector::postprocess(float*, const std::vector<long int, std::allocator<long int> >&, const Size&)[m[Kâ€™:
[3.884s] [01m[K/home/jiangping/Vision_Arena_2025/src/player_pkg/src/yolo_detect.hpp:163:9:[m[K [01;35m[Kwarning: [m[Kunused variable â€˜[01m[Knum_classes[m[Kâ€™ [[01;35m[K]8;;https://gcc.gnu.org/onlinedocs/gcc/Warning-Options.html#index-Wunused-variable-Wunused-variable]8;;[m[K]
[3.884s]   163 |     int [01;35m[Knum_classes[m[K = num_data - 4;
[3.884s]       |         [01;35m[K^~~~~~~~~~~[m[K
[3.904s] [01m[K/home/jiangping/Vision_Arena_2025/src/player_pkg/src/camera_detect.cpp:[m[K In member function â€˜[01m[Kvoid LocateNode::callback_camera(sensor_msgs::msg::Image_<std::allocator<void> >::SharedPtr)[m[Kâ€™:
[3.904s] [01m[K/home/jiangping/Vision_Arena_2025/src/player_pkg/src/camera_detect.cpp:110:41:[m[K [01;31m[Kerror: [m[Kâ€˜[01m[Kdetector[m[Kâ€™ was not declared in this scope; did you mean â€˜[01m[KDetection[m[Kâ€™?
[3.904s]   110 |                     std::string armor = [01;31m[Kdetector[m[K->getLatestArmor();
[3.904s]       |                                         [01;31m[K^~~~~~~~[m[K
[3.904s]       |                                         [32m[KDetection[m[K
[3.907s] [01m[K/home/jiangping/Vision_Arena_2025/src/player_pkg/src/camera_detect.cpp:331:27:[m[K [01;35m[Kwarning: [m[Kcomparison of integer expressions of different signedness: â€˜[01m[Kint[m[Kâ€™ and â€˜[01m[Kstd::vector<std::__cxx11::basic_string<char> >::size_type[m[Kâ€™ {aka â€˜[01m[Klong unsigned int[m[Kâ€™} [[01;35m[K]8;;https://gcc.gnu.org/onlinedocs/gcc/Warning-Options.html#index-Wsign-compare-Wsign-compare]8;;[m[K]
[3.908s]   331 |         for (int i = 0; [01;35m[Ki < armor_types.size()[m[K; i++)
[3.908s]       |                         [01;35m[K~~^~~~~~~~~~~~~~~~~~~~[m[K
[3.908s] [01m[K/home/jiangping/Vision_Arena_2025/src/player_pkg/src/camera_detect.cpp:340:27:[m[K [01;35m[Kwarning: [m[Kcomparison of integer expressions of different signedness: â€˜[01m[Kint[m[Kâ€™ and â€˜[01m[Kstd::vector<std::vector<cv::Point_<float> > >::size_type[m[Kâ€™ {aka â€˜[01m[Klong unsigned int[m[Kâ€™} [[01;35m[K]8;;https://gcc.gnu.org/onlinedocs/gcc/Warning-Options.html#index-Wsign-compare-Wsign-compare]8;;[m[K]
[3.908s]   340 |         for (int i = 0; [01;35m[Ki < rectangle_corners_list.size()[m[K; i++)
[3.908s]       |                         [01;35m[K~~^~~~~~~~~~~~~~~~~~~~~~~~~~~~~~~[m[K
[3.908s] [01m[K/home/jiangping/Vision_Arena_2025/src/player_pkg/src/camera_detect.cpp:358:27:[m[K [01;35m[Kwarning: [m[Kcomparison of integer expressions of different signedness: â€˜[01m[Kint[m[Kâ€™ and â€˜[01m[Kstd::vector<std::vector<cv::Point_<float> > >::size_type[m[Kâ€™ {aka â€˜[01m[Klong unsigned int[m[Kâ€™} [[01;35m[K]8;;https://gcc.gnu.org/onlinedocs/gcc/Warning-Options.html#index-Wsign-compare-Wsign-compare]8;;[m[K]
[3.908s]   358 |         for (int i = 0; [01;35m[Ki < sphere_corners_list.size()[m[K; i++)
[3.908s]       |                         [01;35m[K~~^~~~~~~~~~~~~~~~~~~~~~~~~~~~[m[K
[3.908s] [01m[K/home/jiangping/Vision_Arena_2025/src/player_pkg/src/camera_detect.cpp:375:27:[m[K [01;35m[Kwarning: [m[Kcomparison of integer expressions of different signedness: â€˜[01m[Kint[m[Kâ€™ and â€˜[01m[Kstd::vector<std::vector<cv::Point_<float> > >::size_type[m[Kâ€™ {aka â€˜[01m[Klong unsigned int[m[Kâ€™} [[01;35m[K]8;;https://gcc.gnu.org/onlinedocs/gcc/Warning-Options.html#index-Wsign-compare-Wsign-compare]8;;[m[K]
[3.909s]   375 |         for (int i = 0; [01;35m[Ki < midpoint_corners_list.size()[m[K; i++)
[3.909s]       |                         [01;35m[K~~^~~~~~~~~~~~~~~~~~~~~~~~~~~~~~[m[K
[3.909s] [01m[K/home/jiangping/Vision_Arena_2025/src/player_pkg/src/camera_detect.cpp:192:13:[m[K [01;35m[Kwarning: [m[Kunused variable â€˜[01m[Kvalid_spheres[m[Kâ€™ [[01;35m[K]8;;https://gcc.gnu.org/onlinedocs/gcc/Warning-Options.html#index-Wunused-variable-Wunused-variable]8;;[m[K]
[3.909s]   192 |         int [01;35m[Kvalid_spheres[m[K = 0;
[3.909s]       |             [01;35m[K^~~~~~~~~~~~~[m[K
[6.326s] gmake[2]: *** [CMakeFiles/yolo_detector_node.dir/build.make:76: CMakeFiles/yolo_detector_node.dir/src/camera_detect.cpp.o] Error 1
[6.326s] gmake[1]: *** [CMakeFiles/Makefile2:137: CMakeFiles/yolo_detector_node.dir/all] Error 2
[6.326s] gmake: *** [Makefile:146: all] Error 2
[6.330s] Invoked command in '/home/jiangping/Vision_Arena_2025/build/player_pkg' returned '2': CMAKE_PREFIX_PATH=${CMAKE_PREFIX_PATH}:/opt/ros/humble /usr/bin/cmake --build /home/jiangping/Vision_Arena_2025/build/player_pkg -- -j8 -l8
